04-07-2023 @ 17:50:50 - ---[ New import started at 2023-04-07 17:50:50 ] PHP Memory: 512 MB, WP Memory: 40 MB
04-07-2023 @ 17:50:50 - Preparing for import.
04-07-2023 @ 17:50:50 - Row :1 - Parsing item.
04-07-2023 @ 17:50:50 - Importing as new product ID:834
04-07-2023 @ 17:50:50 - Row :1 - Processing item.
04-07-2023 @ 17:50:50 - Found simple product object. ID:834
04-07-2023 @ 17:50:50 - Setting Featured Image. URL:https://longdenpho.net/wp-content/uploads/2022/03/D01-1.gif
04-07-2023 @ 17:50:51 - Attachment ID:835
04-07-2023 @ 17:50:51 - Row :1 - Product imported successfully.
04-07-2023 @ 17:50:51 - Row :2 - Parsing item.
04-07-2023 @ 17:50:51 - Importing as new product ID:836
04-07-2023 @ 17:50:51 - Row :2 - Processing item.
04-07-2023 @ 17:50:51 - Found simple product object. ID:836
04-07-2023 @ 17:50:51 - Setting Featured Image. URL:https://longdenpho.net/wp-content/uploads/2022/03/D02-1.gif
04-07-2023 @ 17:50:52 - Attachment ID:837
04-07-2023 @ 17:50:52 - Row :2 - Product imported successfully.
04-07-2023 @ 17:50:52 - Row :3 - Parsing item.
04-07-2023 @ 17:50:52 - Importing as new product ID:838
04-07-2023 @ 17:50:52 - Row :3 - Processing item.
04-07-2023 @ 17:50:52 - Found simple product object. ID:838
04-07-2023 @ 17:50:52 - Setting Featured Image. URL:https://longdenpho.net/wp-content/uploads/2022/03/D03-1.gif
04-07-2023 @ 17:50:54 - Attachment ID:839
04-07-2023 @ 17:50:54 - Row :3 - Product imported successfully.
04-07-2023 @ 17:50:54 - Row :4 - Parsing item.
04-07-2023 @ 17:50:54 - Importing as new product ID:840
04-07-2023 @ 17:50:54 - Row :4 - Processing item.
04-07-2023 @ 17:50:54 - Found simple product object. ID:840
04-07-2023 @ 17:50:54 - Setting Featured Image. URL:https://longdenpho.net/wp-content/uploads/2022/03/D04-1.gif
04-07-2023 @ 17:50:55 - Attachment ID:841
04-07-2023 @ 17:50:56 - Row :4 - Product imported successfully.
04-07-2023 @ 17:50:56 - ---[ Import ended at 2023-04-07 17:50:56]---
